{"__type":"$$EventMessageAudit","id":"7118af0d-bd5f-4614-bdbf-32ff39918f1e","ts":"2025-04-22T04:21:29.330-04:00","eventName":"n8n.audit.workflow.updated","message":"n8n.audit.workflow.updated","payload":{"userId":"0f6dbd22-a815-4c2f-a631-40a79a96a5e8","_email":"tanakrit5961@gmail.com","_firstName":"Tanakrit","_lastName":"Duangpet","globalRole":"global:owner","workflowId":"jaXy2SLBG0HIDod1","workflowName":"line AVIS-KMUTNB"}}
{"__type":"$$EventMessageConfirm","confirm":"7118af0d-bd5f-4614-bdbf-32ff39918f1e","ts":"2025-04-22T04:21:29.331-04:00","source":{"id":"0","name":"eventBus"}}
{"__type":"$$EventMessageWorkflow","id":"af0f3704-ae1c-4516-a30b-54596b0bc692","ts":"2025-04-22T04:23:17.294-04:00","eventName":"n8n.workflow.started","message":"n8n.workflow.started","payload":{"executionId":"1763","workflowId":"jaXy2SLBG0HIDod1","isManual":false,"workflowName":"line AVIS-KMUTNB"}}
{"__type":"$$EventMessageConfirm","confirm":"af0f3704-ae1c-4516-a30b-54596b0bc692","ts":"2025-04-22T04:23:17.294-04:00","source":{"id":"0","name":"eventBus"}}
{"__type":"$$EventMessageNode","id":"b433a9d4-6f30-4ee4-9f47-a57c25337199","ts":"2025-04-22T04:23:17.295-04:00","eventName":"n8n.node.started","message":"n8n.node.started","payload":{"workflowId":"jaXy2SLBG0HIDod1","workflowName":"line AVIS-KMUTNB","executionId":"1763","nodeType":"n8n-nodes-base.webhook","nodeName":"Webhook"}}
{"__type":"$$EventMessageConfirm","confirm":"b433a9d4-6f30-4ee4-9f47-a57c25337199","ts":"2025-04-22T04:23:17.295-04:00","source":{"id":"0","name":"eventBus"}}
{"__type":"$$EventMessageNode","id":"aa38a560-b369-45ba-b357-86affaf89785","ts":"2025-04-22T04:23:17.297-04:00","eventName":"n8n.node.finished","message":"n8n.node.finished","payload":{"workflowId":"jaXy2SLBG0HIDod1","workflowName":"line AVIS-KMUTNB","executionId":"1763","nodeType":"n8n-nodes-base.webhook","nodeName":"Webhook"}}
{"__type":"$$EventMessageConfirm","confirm":"aa38a560-b369-45ba-b357-86affaf89785","ts":"2025-04-22T04:23:17.297-04:00","source":{"id":"0","name":"eventBus"}}
{"__type":"$$EventMessageNode","id":"2aeda522-6db4-4d8d-9213-b43f1dbb39c1","ts":"2025-04-22T04:23:17.298-04:00","eventName":"n8n.node.started","message":"n8n.node.started","payload":{"workflowId":"jaXy2SLBG0HIDod1","workflowName":"line AVIS-KMUTNB","executionId":"1763","nodeType":"n8n-nodes-base.set","nodeName":"Edit Fields"}}
{"__type":"$$EventMessageConfirm","confirm":"2aeda522-6db4-4d8d-9213-b43f1dbb39c1","ts":"2025-04-22T04:23:17.298-04:00","source":{"id":"0","name":"eventBus"}}
{"__type":"$$EventMessageNode","id":"4ec43b72-d8b5-46ed-b161-d1f2e5cb33d9","ts":"2025-04-22T04:23:17.340-04:00","eventName":"n8n.node.finished","message":"n8n.node.finished","payload":{"workflowId":"jaXy2SLBG0HIDod1","workflowName":"line AVIS-KMUTNB","executionId":"1763","nodeType":"n8n-nodes-base.set","nodeName":"Edit Fields"}}
{"__type":"$$EventMessageConfirm","confirm":"4ec43b72-d8b5-46ed-b161-d1f2e5cb33d9","ts":"2025-04-22T04:23:17.340-04:00","source":{"id":"0","name":"eventBus"}}
{"__type":"$$EventMessageNode","id":"ce131bbe-2699-41b7-abc3-74a7e8dfd4be","ts":"2025-04-22T04:23:17.340-04:00","eventName":"n8n.node.started","message":"n8n.node.started","payload":{"workflowId":"jaXy2SLBG0HIDod1","workflowName":"line AVIS-KMUTNB","executionId":"1763","nodeType":"n8n-nodes-base.httpRequest","nodeName":"HTTP Request"}}
{"__type":"$$EventMessageConfirm","confirm":"ce131bbe-2699-41b7-abc3-74a7e8dfd4be","ts":"2025-04-22T04:23:17.341-04:00","source":{"id":"0","name":"eventBus"}}
{"__type":"$$EventMessageNode","id":"718fd3ba-9bc9-47fb-8459-d65899ba54c4","ts":"2025-04-22T04:23:17.816-04:00","eventName":"n8n.node.finished","message":"n8n.node.finished","payload":{"workflowId":"jaXy2SLBG0HIDod1","workflowName":"line AVIS-KMUTNB","executionId":"1763","nodeType":"n8n-nodes-base.httpRequest","nodeName":"HTTP Request"}}
{"__type":"$$EventMessageConfirm","confirm":"718fd3ba-9bc9-47fb-8459-d65899ba54c4","ts":"2025-04-22T04:23:17.816-04:00","source":{"id":"0","name":"eventBus"}}
{"__type":"$$EventMessageWorkflow","id":"20986b22-d6b7-4cd0-ab0b-9f99f66dad3f","ts":"2025-04-22T04:23:17.818-04:00","eventName":"n8n.workflow.failed","message":"n8n.workflow.failed","payload":{"executionId":"1763","success":false,"isManual":false,"workflowId":"jaXy2SLBG0HIDod1","workflowName":"line AVIS-KMUTNB","lastNodeExecuted":"HTTP Request","errorNodeType":"n8n-nodes-base.httpRequest","errorMessage":"Bad request - please check your parameters"}}
{"__type":"$$EventMessageConfirm","confirm":"20986b22-d6b7-4cd0-ab0b-9f99f66dad3f","ts":"2025-04-22T04:23:17.818-04:00","source":{"id":"0","name":"eventBus"}}
{"__type":"$$EventMessageWorkflow","id":"2a563ec6-4b52-4e6f-8969-61392c892540","ts":"2025-04-22T04:23:23.003-04:00","eventName":"n8n.workflow.started","message":"n8n.workflow.started","payload":{"executionId":"1764","workflowId":"jaXy2SLBG0HIDod1","isManual":false,"workflowName":"line AVIS-KMUTNB"}}
{"__type":"$$EventMessageConfirm","confirm":"2a563ec6-4b52-4e6f-8969-61392c892540","ts":"2025-04-22T04:23:23.003-04:00","source":{"id":"0","name":"eventBus"}}
{"__type":"$$EventMessageNode","id":"e1fcc356-65ce-4383-8c53-3be6ff6d09f8","ts":"2025-04-22T04:23:23.004-04:00","eventName":"n8n.node.started","message":"n8n.node.started","payload":{"workflowId":"jaXy2SLBG0HIDod1","workflowName":"line AVIS-KMUTNB","executionId":"1764","nodeType":"n8n-nodes-base.webhook","nodeName":"Webhook"}}
{"__type":"$$EventMessageConfirm","confirm":"e1fcc356-65ce-4383-8c53-3be6ff6d09f8","ts":"2025-04-22T04:23:23.004-04:00","source":{"id":"0","name":"eventBus"}}
{"__type":"$$EventMessageNode","id":"a0c572ac-dcb8-482f-a4c7-d04e7ea08eed","ts":"2025-04-22T04:23:23.004-04:00","eventName":"n8n.node.finished","message":"n8n.node.finished","payload":{"workflowId":"jaXy2SLBG0HIDod1","workflowName":"line AVIS-KMUTNB","executionId":"1764","nodeType":"n8n-nodes-base.webhook","nodeName":"Webhook"}}
{"__type":"$$EventMessageConfirm","confirm":"a0c572ac-dcb8-482f-a4c7-d04e7ea08eed","ts":"2025-04-22T04:23:23.004-04:00","source":{"id":"0","name":"eventBus"}}
{"__type":"$$EventMessageNode","id":"a35a9c6c-9878-42d3-8467-643079a32958","ts":"2025-04-22T04:23:23.004-04:00","eventName":"n8n.node.started","message":"n8n.node.started","payload":{"workflowId":"jaXy2SLBG0HIDod1","workflowName":"line AVIS-KMUTNB","executionId":"1764","nodeType":"n8n-nodes-base.set","nodeName":"Edit Fields"}}
{"__type":"$$EventMessageConfirm","confirm":"a35a9c6c-9878-42d3-8467-643079a32958","ts":"2025-04-22T04:23:23.005-04:00","source":{"id":"0","name":"eventBus"}}
{"__type":"$$EventMessageNode","id":"18df77b7-8188-46fc-95d1-144cc01535f4","ts":"2025-04-22T04:23:23.008-04:00","eventName":"n8n.node.finished","message":"n8n.node.finished","payload":{"workflowId":"jaXy2SLBG0HIDod1","workflowName":"line AVIS-KMUTNB","executionId":"1764","nodeType":"n8n-nodes-base.set","nodeName":"Edit Fields"}}
{"__type":"$$EventMessageConfirm","confirm":"18df77b7-8188-46fc-95d1-144cc01535f4","ts":"2025-04-22T04:23:23.008-04:00","source":{"id":"0","name":"eventBus"}}
{"__type":"$$EventMessageNode","id":"a35062d9-45a6-4fed-8c02-4dd3ff398be7","ts":"2025-04-22T04:23:23.008-04:00","eventName":"n8n.node.started","message":"n8n.node.started","payload":{"workflowId":"jaXy2SLBG0HIDod1","workflowName":"line AVIS-KMUTNB","executionId":"1764","nodeType":"n8n-nodes-base.httpRequest","nodeName":"HTTP Request"}}
{"__type":"$$EventMessageConfirm","confirm":"a35062d9-45a6-4fed-8c02-4dd3ff398be7","ts":"2025-04-22T04:23:23.008-04:00","source":{"id":"0","name":"eventBus"}}
{"__type":"$$EventMessageNode","id":"41fd7bf4-5170-4d17-a8f7-64bf702c47a1","ts":"2025-04-22T04:23:28.485-04:00","eventName":"n8n.node.finished","message":"n8n.node.finished","payload":{"workflowId":"jaXy2SLBG0HIDod1","workflowName":"line AVIS-KMUTNB","executionId":"1764","nodeType":"n8n-nodes-base.httpRequest","nodeName":"HTTP Request"}}
{"__type":"$$EventMessageConfirm","confirm":"41fd7bf4-5170-4d17-a8f7-64bf702c47a1","ts":"2025-04-22T04:23:28.486-04:00","source":{"id":"0","name":"eventBus"}}
{"__type":"$$EventMessageNode","id":"7b2f9b9a-e216-4fcb-b2da-ebc76b22ffc0","ts":"2025-04-22T04:23:28.486-04:00","eventName":"n8n.node.started","message":"n8n.node.started","payload":{"workflowId":"jaXy2SLBG0HIDod1","workflowName":"line AVIS-KMUTNB","executionId":"1764","nodeType":"n8n-nodes-base.merge","nodeName":"Merge"}}
{"__type":"$$EventMessageConfirm","confirm":"7b2f9b9a-e216-4fcb-b2da-ebc76b22ffc0","ts":"2025-04-22T04:23:28.486-04:00","source":{"id":"0","name":"eventBus"}}
{"__type":"$$EventMessageNode","id":"b47cdb5a-a3e6-456d-ab2a-2e5945bb933d","ts":"2025-04-22T04:23:28.557-04:00","eventName":"n8n.node.finished","message":"n8n.node.finished","payload":{"workflowId":"jaXy2SLBG0HIDod1","workflowName":"line AVIS-KMUTNB","executionId":"1764","nodeType":"n8n-nodes-base.merge","nodeName":"Merge"}}
{"__type":"$$EventMessageConfirm","confirm":"b47cdb5a-a3e6-456d-ab2a-2e5945bb933d","ts":"2025-04-22T04:23:28.557-04:00","source":{"id":"0","name":"eventBus"}}
{"__type":"$$EventMessageNode","id":"c67e2b28-95a1-4e13-be57-9cd748dc7dcf","ts":"2025-04-22T04:23:28.557-04:00","eventName":"n8n.node.started","message":"n8n.node.started","payload":{"workflowId":"jaXy2SLBG0HIDod1","workflowName":"line AVIS-KMUTNB","executionId":"1764","nodeType":"n8n-nodes-base.httpRequest","nodeName":"Line : Reply with token"}}
{"__type":"$$EventMessageConfirm","confirm":"c67e2b28-95a1-4e13-be57-9cd748dc7dcf","ts":"2025-04-22T04:23:28.557-04:00","source":{"id":"0","name":"eventBus"}}
{"__type":"$$EventMessageNode","id":"ca3838ab-51b7-47cf-873d-577b6d6ae062","ts":"2025-04-22T04:23:29.321-04:00","eventName":"n8n.node.finished","message":"n8n.node.finished","payload":{"workflowId":"jaXy2SLBG0HIDod1","workflowName":"line AVIS-KMUTNB","executionId":"1764","nodeType":"n8n-nodes-base.httpRequest","nodeName":"Line : Reply with token"}}
{"__type":"$$EventMessageConfirm","confirm":"ca3838ab-51b7-47cf-873d-577b6d6ae062","ts":"2025-04-22T04:23:29.321-04:00","source":{"id":"0","name":"eventBus"}}
{"__type":"$$EventMessageWorkflow","id":"42588c21-2dfe-4fac-9d1c-17d2812ff854","ts":"2025-04-22T04:23:29.321-04:00","eventName":"n8n.workflow.success","message":"n8n.workflow.success","payload":{"executionId":"1764","success":true,"isManual":false,"workflowId":"jaXy2SLBG0HIDod1","workflowName":"line AVIS-KMUTNB"}}
{"__type":"$$EventMessageConfirm","confirm":"42588c21-2dfe-4fac-9d1c-17d2812ff854","ts":"2025-04-22T04:23:29.321-04:00","source":{"id":"0","name":"eventBus"}}
{"__type":"$$EventMessageWorkflow","id":"83137090-5887-43c0-880f-6d37369c2079","ts":"2025-04-22T05:14:59.804-04:00","eventName":"n8n.workflow.started","message":"n8n.workflow.started","payload":{"executionId":"1765","workflowId":"jaXy2SLBG0HIDod1","isManual":false,"workflowName":"line AVIS-KMUTNB"}}
{"__type":"$$EventMessageConfirm","confirm":"83137090-5887-43c0-880f-6d37369c2079","ts":"2025-04-22T05:14:59.805-04:00","source":{"id":"0","name":"eventBus"}}
{"__type":"$$EventMessageNode","id":"f8e874fd-1db9-4721-9157-7b15831aea95","ts":"2025-04-22T05:14:59.806-04:00","eventName":"n8n.node.started","message":"n8n.node.started","payload":{"workflowId":"jaXy2SLBG0HIDod1","workflowName":"line AVIS-KMUTNB","executionId":"1765","nodeType":"n8n-nodes-base.webhook","nodeName":"Webhook"}}
{"__type":"$$EventMessageConfirm","confirm":"f8e874fd-1db9-4721-9157-7b15831aea95","ts":"2025-04-22T05:14:59.806-04:00","source":{"id":"0","name":"eventBus"}}
{"__type":"$$EventMessageNode","id":"1ccaee92-636d-4af1-81ef-5f1bfda01448","ts":"2025-04-22T05:14:59.807-04:00","eventName":"n8n.node.finished","message":"n8n.node.finished","payload":{"workflowId":"jaXy2SLBG0HIDod1","workflowName":"line AVIS-KMUTNB","executionId":"1765","nodeType":"n8n-nodes-base.webhook","nodeName":"Webhook"}}
{"__type":"$$EventMessageConfirm","confirm":"1ccaee92-636d-4af1-81ef-5f1bfda01448","ts":"2025-04-22T05:14:59.808-04:00","source":{"id":"0","name":"eventBus"}}
{"__type":"$$EventMessageNode","id":"e56989e5-c78a-4a00-8b1d-287ce55bff0b","ts":"2025-04-22T05:14:59.808-04:00","eventName":"n8n.node.started","message":"n8n.node.started","payload":{"workflowId":"jaXy2SLBG0HIDod1","workflowName":"line AVIS-KMUTNB","executionId":"1765","nodeType":"n8n-nodes-base.set","nodeName":"Edit Fields"}}
{"__type":"$$EventMessageConfirm","confirm":"e56989e5-c78a-4a00-8b1d-287ce55bff0b","ts":"2025-04-22T05:14:59.808-04:00","source":{"id":"0","name":"eventBus"}}
{"__type":"$$EventMessageNode","id":"876c38ba-4d09-44e0-96ef-32b333a9e45f","ts":"2025-04-22T05:14:59.815-04:00","eventName":"n8n.node.finished","message":"n8n.node.finished","payload":{"workflowId":"jaXy2SLBG0HIDod1","workflowName":"line AVIS-KMUTNB","executionId":"1765","nodeType":"n8n-nodes-base.set","nodeName":"Edit Fields"}}
{"__type":"$$EventMessageConfirm","confirm":"876c38ba-4d09-44e0-96ef-32b333a9e45f","ts":"2025-04-22T05:14:59.815-04:00","source":{"id":"0","name":"eventBus"}}
{"__type":"$$EventMessageNode","id":"b77caf5a-0a54-4ae9-b90c-6ef929ee05af","ts":"2025-04-22T05:14:59.816-04:00","eventName":"n8n.node.started","message":"n8n.node.started","payload":{"workflowId":"jaXy2SLBG0HIDod1","workflowName":"line AVIS-KMUTNB","executionId":"1765","nodeType":"n8n-nodes-base.httpRequest","nodeName":"HTTP Request"}}
{"__type":"$$EventMessageConfirm","confirm":"b77caf5a-0a54-4ae9-b90c-6ef929ee05af","ts":"2025-04-22T05:14:59.816-04:00","source":{"id":"0","name":"eventBus"}}
{"__type":"$$EventMessageNode","id":"f80dc66b-950c-4459-9958-0e16faf316d1","ts":"2025-04-22T05:15:06.227-04:00","eventName":"n8n.node.finished","message":"n8n.node.finished","payload":{"workflowId":"jaXy2SLBG0HIDod1","workflowName":"line AVIS-KMUTNB","executionId":"1765","nodeType":"n8n-nodes-base.httpRequest","nodeName":"HTTP Request"}}
{"__type":"$$EventMessageConfirm","confirm":"f80dc66b-950c-4459-9958-0e16faf316d1","ts":"2025-04-22T05:15:06.227-04:00","source":{"id":"0","name":"eventBus"}}
{"__type":"$$EventMessageNode","id":"d2c14ba0-f00f-4ed9-aa17-87d8973a55d1","ts":"2025-04-22T05:15:06.227-04:00","eventName":"n8n.node.started","message":"n8n.node.started","payload":{"workflowId":"jaXy2SLBG0HIDod1","workflowName":"line AVIS-KMUTNB","executionId":"1765","nodeType":"n8n-nodes-base.merge","nodeName":"Merge"}}
{"__type":"$$EventMessageConfirm","confirm":"d2c14ba0-f00f-4ed9-aa17-87d8973a55d1","ts":"2025-04-22T05:15:06.228-04:00","source":{"id":"0","name":"eventBus"}}
{"__type":"$$EventMessageNode","id":"1cc5ca01-16f0-4400-b66b-bce4cb15c6d5","ts":"2025-04-22T05:15:06.253-04:00","eventName":"n8n.node.finished","message":"n8n.node.finished","payload":{"workflowId":"jaXy2SLBG0HIDod1","workflowName":"line AVIS-KMUTNB","executionId":"1765","nodeType":"n8n-nodes-base.merge","nodeName":"Merge"}}
{"__type":"$$EventMessageConfirm","confirm":"1cc5ca01-16f0-4400-b66b-bce4cb15c6d5","ts":"2025-04-22T05:15:06.254-04:00","source":{"id":"0","name":"eventBus"}}
{"__type":"$$EventMessageNode","id":"01891746-29a5-49c6-b455-2896ee400b52","ts":"2025-04-22T05:15:06.254-04:00","eventName":"n8n.node.started","message":"n8n.node.started","payload":{"workflowId":"jaXy2SLBG0HIDod1","workflowName":"line AVIS-KMUTNB","executionId":"1765","nodeType":"n8n-nodes-base.httpRequest","nodeName":"Line : Reply with token"}}
{"__type":"$$EventMessageConfirm","confirm":"01891746-29a5-49c6-b455-2896ee400b52","ts":"2025-04-22T05:15:06.254-04:00","source":{"id":"0","name":"eventBus"}}
{"__type":"$$EventMessageNode","id":"7c9e2717-d7a7-4509-a64e-7613f58a0a84","ts":"2025-04-22T05:15:06.754-04:00","eventName":"n8n.node.finished","message":"n8n.node.finished","payload":{"workflowId":"jaXy2SLBG0HIDod1","workflowName":"line AVIS-KMUTNB","executionId":"1765","nodeType":"n8n-nodes-base.httpRequest","nodeName":"Line : Reply with token"}}
{"__type":"$$EventMessageConfirm","confirm":"7c9e2717-d7a7-4509-a64e-7613f58a0a84","ts":"2025-04-22T05:15:06.754-04:00","source":{"id":"0","name":"eventBus"}}
{"__type":"$$EventMessageWorkflow","id":"52fbac66-b9ef-4fa2-b466-a95234c6632a","ts":"2025-04-22T05:15:06.755-04:00","eventName":"n8n.workflow.success","message":"n8n.workflow.success","payload":{"executionId":"1765","success":true,"isManual":false,"workflowId":"jaXy2SLBG0HIDod1","workflowName":"line AVIS-KMUTNB"}}
{"__type":"$$EventMessageConfirm","confirm":"52fbac66-b9ef-4fa2-b466-a95234c6632a","ts":"2025-04-22T05:15:06.755-04:00","source":{"id":"0","name":"eventBus"}}
{"__type":"$$EventMessageWorkflow","id":"8c8bb9ca-f733-40e1-af32-3384d691f481","ts":"2025-04-22T05:15:21.262-04:00","eventName":"n8n.workflow.started","message":"n8n.workflow.started","payload":{"executionId":"1766","workflowId":"jaXy2SLBG0HIDod1","isManual":false,"workflowName":"line AVIS-KMUTNB"}}
{"__type":"$$EventMessageConfirm","confirm":"8c8bb9ca-f733-40e1-af32-3384d691f481","ts":"2025-04-22T05:15:21.263-04:00","source":{"id":"0","name":"eventBus"}}
{"__type":"$$EventMessageNode","id":"b621d6a7-ccbf-4f30-999c-06e52a4324f2","ts":"2025-04-22T05:15:21.263-04:00","eventName":"n8n.node.started","message":"n8n.node.started","payload":{"workflowId":"jaXy2SLBG0HIDod1","workflowName":"line AVIS-KMUTNB","executionId":"1766","nodeType":"n8n-nodes-base.webhook","nodeName":"Webhook"}}
{"__type":"$$EventMessageConfirm","confirm":"b621d6a7-ccbf-4f30-999c-06e52a4324f2","ts":"2025-04-22T05:15:21.263-04:00","source":{"id":"0","name":"eventBus"}}
{"__type":"$$EventMessageNode","id":"e74d0658-5bea-4bfa-9696-0aa6ab474aaa","ts":"2025-04-22T05:15:21.264-04:00","eventName":"n8n.node.finished","message":"n8n.node.finished","payload":{"workflowId":"jaXy2SLBG0HIDod1","workflowName":"line AVIS-KMUTNB","executionId":"1766","nodeType":"n8n-nodes-base.webhook","nodeName":"Webhook"}}
{"__type":"$$EventMessageConfirm","confirm":"e74d0658-5bea-4bfa-9696-0aa6ab474aaa","ts":"2025-04-22T05:15:21.264-04:00","source":{"id":"0","name":"eventBus"}}
{"__type":"$$EventMessageNode","id":"6dc56425-2554-481c-8a15-adccb401a8a4","ts":"2025-04-22T05:15:21.264-04:00","eventName":"n8n.node.started","message":"n8n.node.started","payload":{"workflowId":"jaXy2SLBG0HIDod1","workflowName":"line AVIS-KMUTNB","executionId":"1766","nodeType":"n8n-nodes-base.set","nodeName":"Edit Fields"}}
{"__type":"$$EventMessageConfirm","confirm":"6dc56425-2554-481c-8a15-adccb401a8a4","ts":"2025-04-22T05:15:21.264-04:00","source":{"id":"0","name":"eventBus"}}
{"__type":"$$EventMessageNode","id":"6ea5c01b-8acc-4c5f-8e82-5aeb03abf079","ts":"2025-04-22T05:15:21.267-04:00","eventName":"n8n.node.finished","message":"n8n.node.finished","payload":{"workflowId":"jaXy2SLBG0HIDod1","workflowName":"line AVIS-KMUTNB","executionId":"1766","nodeType":"n8n-nodes-base.set","nodeName":"Edit Fields"}}
{"__type":"$$EventMessageConfirm","confirm":"6ea5c01b-8acc-4c5f-8e82-5aeb03abf079","ts":"2025-04-22T05:15:21.267-04:00","source":{"id":"0","name":"eventBus"}}
{"__type":"$$EventMessageNode","id":"d6205908-1375-4b43-84a8-21f7e42e2ed4","ts":"2025-04-22T05:15:21.268-04:00","eventName":"n8n.node.started","message":"n8n.node.started","payload":{"workflowId":"jaXy2SLBG0HIDod1","workflowName":"line AVIS-KMUTNB","executionId":"1766","nodeType":"n8n-nodes-base.httpRequest","nodeName":"HTTP Request"}}
{"__type":"$$EventMessageConfirm","confirm":"d6205908-1375-4b43-84a8-21f7e42e2ed4","ts":"2025-04-22T05:15:21.268-04:00","source":{"id":"0","name":"eventBus"}}
{"__type":"$$EventMessageNode","id":"3e9bfd39-8d0a-4b43-82db-d32577011b74","ts":"2025-04-22T05:15:26.996-04:00","eventName":"n8n.node.finished","message":"n8n.node.finished","payload":{"workflowId":"jaXy2SLBG0HIDod1","workflowName":"line AVIS-KMUTNB","executionId":"1766","nodeType":"n8n-nodes-base.httpRequest","nodeName":"HTTP Request"}}
{"__type":"$$EventMessageConfirm","confirm":"3e9bfd39-8d0a-4b43-82db-d32577011b74","ts":"2025-04-22T05:15:26.996-04:00","source":{"id":"0","name":"eventBus"}}
{"__type":"$$EventMessageNode","id":"e1bf0e96-ed5a-4499-9d12-6f071f0d65ee","ts":"2025-04-22T05:15:26.996-04:00","eventName":"n8n.node.started","message":"n8n.node.started","payload":{"workflowId":"jaXy2SLBG0HIDod1","workflowName":"line AVIS-KMUTNB","executionId":"1766","nodeType":"n8n-nodes-base.merge","nodeName":"Merge"}}
{"__type":"$$EventMessageConfirm","confirm":"e1bf0e96-ed5a-4499-9d12-6f071f0d65ee","ts":"2025-04-22T05:15:26.996-04:00","source":{"id":"0","name":"eventBus"}}
{"__type":"$$EventMessageNode","id":"1f0243ec-c81f-4259-8722-d69e4f885b27","ts":"2025-04-22T05:15:27.000-04:00","eventName":"n8n.node.finished","message":"n8n.node.finished","payload":{"workflowId":"jaXy2SLBG0HIDod1","workflowName":"line AVIS-KMUTNB","executionId":"1766","nodeType":"n8n-nodes-base.merge","nodeName":"Merge"}}
{"__type":"$$EventMessageConfirm","confirm":"1f0243ec-c81f-4259-8722-d69e4f885b27","ts":"2025-04-22T05:15:27.001-04:00","source":{"id":"0","name":"eventBus"}}
{"__type":"$$EventMessageNode","id":"2e9c88e3-6413-4f5a-be2c-14ec9d85e239","ts":"2025-04-22T05:15:27.001-04:00","eventName":"n8n.node.started","message":"n8n.node.started","payload":{"workflowId":"jaXy2SLBG0HIDod1","workflowName":"line AVIS-KMUTNB","executionId":"1766","nodeType":"n8n-nodes-base.httpRequest","nodeName":"Line : Reply with token"}}
{"__type":"$$EventMessageConfirm","confirm":"2e9c88e3-6413-4f5a-be2c-14ec9d85e239","ts":"2025-04-22T05:15:27.001-04:00","source":{"id":"0","name":"eventBus"}}
{"__type":"$$EventMessageNode","id":"5cdd39ef-e8ed-41da-979b-c93845f1769e","ts":"2025-04-22T05:15:27.468-04:00","eventName":"n8n.node.finished","message":"n8n.node.finished","payload":{"workflowId":"jaXy2SLBG0HIDod1","workflowName":"line AVIS-KMUTNB","executionId":"1766","nodeType":"n8n-nodes-base.httpRequest","nodeName":"Line : Reply with token"}}
{"__type":"$$EventMessageConfirm","confirm":"5cdd39ef-e8ed-41da-979b-c93845f1769e","ts":"2025-04-22T05:15:27.468-04:00","source":{"id":"0","name":"eventBus"}}
{"__type":"$$EventMessageWorkflow","id":"530eaad1-4d83-4097-a63b-373202465094","ts":"2025-04-22T05:15:27.468-04:00","eventName":"n8n.workflow.success","message":"n8n.workflow.success","payload":{"executionId":"1766","success":true,"isManual":false,"workflowId":"jaXy2SLBG0HIDod1","workflowName":"line AVIS-KMUTNB"}}
{"__type":"$$EventMessageConfirm","confirm":"530eaad1-4d83-4097-a63b-373202465094","ts":"2025-04-22T05:15:27.469-04:00","source":{"id":"0","name":"eventBus"}}
